  main.cpp
F:\Github\repos\CG\Rasputin-20-sol_first_lab\Rasputin-20\shader_loader.h(76,29): warning C4244: инициализация: преобразование "GLint" в "float", возможна потеря данных
F:\Github\repos\CG\Rasputin-20-sol_first_lab\Rasputin-20\shader_loader.h(77,15): warning C4244: аргумент: преобразование "float" в "GLint", возможна потеря данных
F:\Github\repos\CG\Rasputin-20-sol_first_lab\Rasputin-20\shader_loader.h(81,29): warning C4244: инициализация: преобразование "GLint" в "float", возможна потеря данных
F:\Github\repos\CG\Rasputin-20-sol_first_lab\Rasputin-20\shader_loader.h(82,15): warning C4244: аргумент: преобразование "float" в "GLint", возможна потеря данных
F:\Github\repos\CG\Rasputin-20-sol_first_lab\Rasputin-20\shader_loader.h(86,29): warning C4244: инициализация: преобразование "GLint" в "float", возможна потеря данных
F:\Github\repos\CG\Rasputin-20-sol_first_lab\Rasputin-20\shader_loader.h(87,15): warning C4244: аргумент: преобразование "float" в "GLint", возможна потеря данных
F:\Github\repos\CG\Rasputin-20-sol_first_lab\Rasputin-20\shader_loader.h(91,29): warning C4244: инициализация: преобразование "GLint" в "float", возможна потеря данных
F:\Github\repos\CG\Rasputin-20-sol_first_lab\Rasputin-20\shader_loader.h(92,15): warning C4244: аргумент: преобразование "float" в "GLint", возможна потеря данных
F:\Github\repos\CG\Rasputin-20-sol_first_lab\Rasputin-20\shader_loader.h(96,29): warning C4244: инициализация: преобразование "GLint" в "float", возможна потеря данных
F:\Github\repos\CG\Rasputin-20-sol_first_lab\Rasputin-20\shader_loader.h(97,15): warning C4244: аргумент: преобразование "float" в "GLint", возможна потеря данных
F:\Github\repos\CG\Rasputin-20-sol_first_lab\Rasputin-20\shader_loader.h(101,29): warning C4244: инициализация: преобразование "GLint" в "float", возможна потеря данных
F:\Github\repos\CG\Rasputin-20-sol_first_lab\Rasputin-20\shader_loader.h(102,15): warning C4244: аргумент: преобразование "float" в "GLint", возможна потеря данных
F:\Github\repos\CG\Rasputin-20-sol_first_lab\Rasputin-20\shader_loader.h(106,29): warning C4244: инициализация: преобразование "GLint" в "float", возможна потеря данных
F:\Github\repos\CG\Rasputin-20-sol_first_lab\Rasputin-20\shader_loader.h(107,15): warning C4244: аргумент: преобразование "float" в "GLint", возможна потеря данных
F:\Github\repos\CG\Rasputin-20-sol_first_lab\Rasputin-20\shader_loader.h(111,29): warning C4244: инициализация: преобразование "GLint" в "float", возможна потеря данных
F:\Github\repos\CG\Rasputin-20-sol_first_lab\Rasputin-20\shader_loader.h(112,15): warning C4244: аргумент: преобразование "float" в "GLint", возможна потеря данных
F:\Github\repos\CG\Rasputin-20-sol_first_lab\Rasputin-20\shader_loader.h(124,29): warning C4244: инициализация: преобразование "GLint" в "float", возможна потеря данных
F:\Github\repos\CG\Rasputin-20-sol_first_lab\Rasputin-20\shader_loader.h(127,17): warning C4244: аргумент: преобразование "float" в "GLint", возможна потеря данных
F:\Github\repos\CG\Rasputin-20-sol_first_lab\Rasputin-20\shader_loader.h(130,17): warning C4244: аргумент: преобразование "float" в "GLint", возможна потеря данных
F:\Github\repos\CG\Rasputin-20-sol_first_lab\Rasputin-20\shader_loader.h(133,17): warning C4244: аргумент: преобразование "float" в "GLint", возможна потеря данных
F:\Github\repos\CG\Rasputin-20-sol_first_lab\Rasputin-20\shader_loader.h(136,17): warning C4244: аргумент: преобразование "float" в "GLint", возможна потеря данных
F:\Github\repos\CG\Rasputin-20-sol_first_lab\Rasputin-20\shader_loader.h(150,29): warning C4244: инициализация: преобразование "GLint" в "float", возможна потеря данных
F:\Github\repos\CG\Rasputin-20-sol_first_lab\Rasputin-20\shader_loader.h(153,17): warning C4244: аргумент: преобразование "float" в "GLint", возможна потеря данных
F:\Github\repos\CG\Rasputin-20-sol_first_lab\Rasputin-20\shader_loader.h(156,17): warning C4244: аргумент: преобразование "float" в "GLint", возможна потеря данных
F:\Github\repos\CG\Rasputin-20-sol_first_lab\Rasputin-20\shader_loader.h(159,17): warning C4244: аргумент: преобразование "float" в "GLint", возможна потеря данных
F:\Github\repos\CG\Rasputin-20-sol_first_lab\Rasputin-20\shader_loader.h(162,17): warning C4244: аргумент: преобразование "float" в "GLint", возможна потеря данных
F:\Github\repos\CG\Rasputin-20-sol_first_lab\Rasputin-20\shader_loader.h(174,29): warning C4244: инициализация: преобразование "GLint" в "float", возможна потеря данных
F:\Github\repos\CG\Rasputin-20-sol_first_lab\Rasputin-20\shader_loader.h(177,23): warning C4244: аргумент: преобразование "float" в "GLint", возможна потеря данных
F:\Github\repos\CG\Rasputin-20-sol_first_lab\Rasputin-20\shader_loader.h(180,23): warning C4244: аргумент: преобразование "float" в "GLint", возможна потеря данных
F:\Github\repos\CG\Rasputin-20-sol_first_lab\Rasputin-20\shader_loader.h(183,23): warning C4244: аргумент: преобразование "float" в "GLint", возможна потеря данных
F:\Github\repos\CG\Rasputin-20-sol_first_lab\Rasputin-20\shader_loader.h(191,29): warning C4244: инициализация: преобразование "GLint" в "float", возможна потеря данных
F:\Github\repos\CG\Rasputin-20-sol_first_lab\Rasputin-20\main.cpp(76,19): warning C4244: инициализация: преобразование "double" в "float", возможна потеря данных
  Rasputin-20.vcxproj -> F:\Github\repos\CG\Rasputin-20-sol_first_lab\x64\Debug\Rasputin-20.exe
